2025-08-06 19:46:59,380 - WARNING - Initialized JSON storage at M:\OneDrive\Documents\GitHub\RATS\data\rats_data.json
2025-08-06 19:46:59,382 - WARNING - Parsed metadata for glassdoor_email_1.txt: sender=noreply@glassdoor.com, subject=Assistant Project Manager at The Y (YMCA) and 6 more jobs in New York, NY for you. Apply Now., date=1:13\u202fPM (6 hours ago)
2025-08-06 19:46:59,384 - WARNING - Non-English position skipped for glassdoor_email_1.txt: Any A&M folks available to connect and share advice? I see several manager level roles recently posted. I’m a recent BCG Project Leader, currently at...read more
2025-08-06 19:46:59,384 - WARNING - Non-English position skipped for glassdoor_email_1.txt: Assistant Project Manager/ Project Manager– Hotel Construction
2025-08-06 19:46:59,385 - WARNING - Extracted job postings for glassdoor_email_1.txt: Assistant Project Manager | New York, NY | Unknown, United States | Unknown | Unknown, Commuter assi...
2025-08-06 19:46:59,390 - WARNING - Saved entry for glassdoor_email_1.txt to M:\OneDrive\Documents\GitHub\RATS\data\rats_data.json
2025-08-06 19:46:59,390 - WARNING - Parsed metadata for glassdoor_email_2.txt: sender=noreply@glassdoor.com, subject=Loan IQ Data Migration Project Manager at cTrace Solutions and 8 more jobs in New York, NY for you. Apply Now., date=Jul 30, 2025, 4:59\u202fPM (6 days ago)
2025-08-06 19:46:59,392 - WARNING - Extracted job postings for glassdoor_email_2.txt: Assistant Project Manager | New York, NY | Unknown, Assistant Project Manager/Multifamily Preservati...
2025-08-06 19:46:59,397 - WARNING - Saved entry for glassdoor_email_2.txt to M:\OneDrive\Documents\GitHub\RATS\data\rats_data.json
2025-08-06 19:46:59,398 - WARNING - Parsed metadata for glassdoor_email_3.txt: sender=noreply@glassdoor.com, subject=Project Manager / Executive Assistant at New York Life and 6 more jobs in New York, NY for you. Apply Now., date=Mon, Jul 28, 1:12\u202fPM (8 days ago)
2025-08-06 19:46:59,398 - WARNING - Non-English position skipped for glassdoor_email_3.txt: Assistant Project Manager / Project Coordinator – Retail Graphics
2025-08-06 19:46:59,398 - WARNING - Non-English position skipped for glassdoor_email_3.txt: After 6 months , I think its time for a new job …i need help. Ive been at 6 companies in 8 years. Maybe I just dont want to be a PM anymore but I dont...read more
2025-08-06 19:46:59,399 - WARNING - Extracted job postings for glassdoor_email_3.txt: Assistant Project Manager | Brooklyn, NY | Easy Apply, Google Workspace8 hour shiftCustomer serviceL...
2025-08-06 19:46:59,404 - WARNING - Saved entry for glassdoor_email_3.txt to M:\OneDrive\Documents\GitHub\RATS\data\rats_data.json
2025-08-06 19:46:59,405 - WARNING - Parsed metadata for glassdoor_email_4.txt: sender=noreply@glassdoor.com, subject=Assistant Project Manager (MNR) at Metropolitan Transportation Authority and 7 more jobs in New York, NY for you. Apply Now., date=Tue, Jul 29, 1:14\u202fPM (7 days ago)
2025-08-06 19:46:59,406 - WARNING - Extracted job postings for glassdoor_email_4.txt: Assistant Project Manager | New York, NY | Unknown, Assistant Project Manager/Multifamily Preservati...
2025-08-06 19:46:59,411 - WARNING - Saved entry for glassdoor_email_4.txt to M:\OneDrive\Documents\GitHub\RATS\data\rats_data.json
2025-08-06 19:46:59,414 - WARNING - Parsed metadata for GoogleCareers_1.txt: sender=careers-noreply@google.com, subject=New job(s) match your search on Google Careers, date=Aug 5, 2025, 6:29\u202fPM (11 hours ago)
2025-08-06 19:46:59,419 - WARNING - Non-English position skipped for GoogleCareers_1.txt: Kinh nghi\u1ec7m làm qu\u1ea3n lý ch\u01b0\u01a1ng trình k\u1ef9 thu\u1eadt (technical program manager) trong ngành s\u1ea3n xu\u1ea5t.
2025-08-06 19:46:59,421 - WARNING - Remote location prioritized for GoogleCareers_1.txt: Remote eligible
2025-08-06 19:46:59,421 - WARNING - Non-English position skipped for GoogleCareers_1.txt: Bachelor’s degree in Computer Science, Engineering, a related technical field, or equivalent practical experience.
2025-08-06 19:46:59,427 - WARNING - Remote location prioritized for GoogleCareers_1.txt: Remote eligible
2025-08-06 19:46:59,428 - WARNING - Non-English position skipped for GoogleCareers_1.txt: Chuyên viên Marketing Mix Modeling, Kh\u1ed1i Khách hàng chi\u1ebfn l\u01b0\u1ee3c
2025-08-06 19:46:59,429 - WARNING - Non-English position skipped for GoogleCareers_1.txt: H\u1ed3 Chí Minh, Ho Chi Minh City, Vietnam
2025-08-06 19:46:59,432 - WARNING - Remote location prioritized for GoogleCareers_1.txt: Remote eligible
2025-08-06 19:46:59,436 - WARNING - Remote location prioritized for GoogleCareers_1.txt: Remote eligible
2025-08-06 19:46:59,439 - WARNING - Extracted job postings for GoogleCareers_1.txt: ; Kuala Lumpur, Federal Territory of Kuala Lumpur, Malaysia | 5 n\u0103m kinh nghi\u1ec7m trong m\u1ea3ng kinh doan...
2025-08-06 19:46:59,444 - WARNING - Saved entry for GoogleCareers_1.txt to M:\OneDrive\Documents\GitHub\RATS\data\rats_data.json
2025-08-06 19:46:59,447 - WARNING - Fallback date identified for LinkedInAlerts_1.txt: 3:47\u202fPM (1 hour ago)
2025-08-06 19:46:59,447 - WARNING - Parsed metadata for LinkedInAlerts_1.txt: sender=jobalerts-noreply@linkedin.com, subject=LinkedIn Job Alerts <jobalerts-noreply@linkedin.com>, date=3:47\u202fPM (1 hour ago)
2025-08-06 19:46:59,448 - WARNING - Non-English position skipped for LinkedInAlerts_1.txt: Senior Project Manager– MarTech Services [358]
2025-08-06 19:46:59,448 - WARNING - Non-English position skipped for LinkedInAlerts_1.txt: University Health Network · Toronto, Ontario, Canada
2025-08-06 19:46:59,448 - WARNING - Non-English position skipped for LinkedInAlerts_1.txt: Alberta Health Services · Calgary, Alberta, Canada
2025-08-06 19:46:59,449 - WARNING - Remote location prioritized for LinkedInAlerts_1.txt: Remote
2025-08-06 19:46:59,449 - WARNING - Remote location prioritized for LinkedInAlerts_1.txt: Calgary, AB (Remote)
2025-08-06 19:46:59,449 - WARNING - Remote location prioritized for LinkedInAlerts_1.txt: Canada (Remote)
2025-08-06 19:46:59,449 - WARNING - Remote location prioritized for LinkedInAlerts_1.txt: Mississauga, ON (Remote)
2025-08-06 19:46:59,450 - WARNING - Remote location prioritized for LinkedInAlerts_1.txt: Toronto, ON (Remote)
2025-08-06 19:46:59,450 - WARNING - Remote position prioritized for LinkedInAlerts_1.txt: Enterprise Project Manager (REMOTE)Enterprise Project Manager (REMOTE) with verification
2025-08-06 19:46:59,450 - WARNING - Remote position prioritized for LinkedInAlerts_1.txt: Legal Project Manager (Full Time, Remote Position)Legal Project Manager (Full Time, Remote Position) with verification
2025-08-06 19:46:59,450 - WARNING - Remote location prioritized for LinkedInAlerts_1.txt: Hamilton, ON (Remote)
2025-08-06 19:46:59,450 - WARNING - Remote location prioritized for LinkedInAlerts_1.txt: Remote
2025-08-06 19:46:59,450 - WARNING - Remote location prioritized for LinkedInAlerts_1.txt: Matches your job preferences, workplace type is Remote.
2025-08-06 19:46:59,451 - WARNING - Non-English position skipped for LinkedInAlerts_1.txt: Find jobs where you’re a top applicant and tailor your resume with the help of AI.
2025-08-06 19:46:59,451 - WARNING - Non-English position skipped for LinkedInAlerts_1.txt: At PointClickCare our mission is simple: to help providers deliver exceptional care. And that starts with our people. As a leading health tech company that’s founder-led and privately held, we empower our employees to push boundaries, innovate, and shape the future of healthcare.
2025-08-06 19:46:59,451 - WARNING - Non-English position skipped for LinkedInAlerts_1.txt: With the largest long-term and post-acute care dataset and a Marketplace of 400+ integrated partners, our platform serves over 30,000 provider organizations, making a real difference in millions of lives. We also reinvest a significant percentage of our revenue back into research and development, ensuring our employees have the resources to innovate and make a lasting impact. Recognized by Forbes as a top private cloud company and honored as one of Canada’s Most Admired Corporate Cultures, we offer flexibility, growth opportunities, and meaningful work.
2025-08-06 19:46:59,451 - WARNING - Non-English position skipped for LinkedInAlerts_1.txt: Join us in redefining healthcare — so it doesn’t just survive, it thrives. To learn more about PointClickCare, check out Life at PointClickCare and connect with us on Glassdoor and LinkedIn.
2025-08-06 19:46:59,451 - WARNING - Remote position prioritized for LinkedInAlerts_1.txt: For Remote Roles: As this role is remote, there will be in-office events that will require travel to and from the Mississauga and/or Salt Lake City office. These will include, but not limited to, onboarding, team events, semi-annual and annual team meetings.
2025-08-06 19:46:59,451 - WARNING - Remote position prioritized for LinkedInAlerts_1.txt: This position is open to remote candidates. Territory will include states in the Great Lakes Region of the US. Up to 25% travel to client sites will be required.
2025-08-06 19:46:59,452 - WARNING - Non-English position skipped for LinkedInAlerts_1.txt: Foster continued growth of the team’s project management capabilities, improving knowledge and experience within the PMO.
2025-08-06 19:46:59,453 - WARNING - Non-English position skipped for LinkedInAlerts_1.txt: Employee Recognition … and more!
2025-08-06 19:46:59,453 - WARNING - Non-English position skipped for LinkedInAlerts_1.txt: When you apply for a position, your information is processed and stored with Lever, in accordance with Lever’s Privacy Policy. We use this information to evaluate your candidacy for the posted position. We also store this information, and may use it in relation to future positions to which you apply, or which we believe may be relevant to you given your background. When we have no ongoing legitimate business need to process your information, we will either delete or anonymize it. If you have any questions about how PointClickCare uses or processes your information, or if you would like to ask to access, correct, or delete your information, please contact PointClickCare’s human resources team: recruitment@pointclickcare.com
2025-08-06 19:46:59,453 - WARNING - Non-English position skipped for LinkedInAlerts_1.txt: PointClickCare is a leading health tech company with one simple mission: to help providers deliver exceptional care. With the largest long\u2010term and post\u2010acute care dataset, we power AI-driven healthcare that fuels intelligent transitions, insightful interventions, and financial sustainability. Enhanced by our marketplace of 400+ integrated partners and trusted by over 30,000 provider organizations and every major U.S. health plan, we’re redefining healthcare, so it doesn’t just survive — it thrives.
2025-08-06 19:46:59,453 - WARNING - Non-English position skipped for LinkedInAlerts_1.txt: Members who share that they’re interested in a company may be 2x as likely to get a message from a recruiter than those who don’t. Learn moreLearn more about Interested in working for our company
2025-08-06 19:46:59,454 - WARNING - Remote location prioritized for LinkedInAlerts_1.txt: Remote
2025-08-06 19:46:59,454 - WARNING - Remote location prioritized for LinkedInAlerts_1.txt: Canada (Remote)
2025-08-06 19:46:59,455 - WARNING - Remote location prioritized for LinkedInAlerts_1.txt: Canada (Remote)
2025-08-06 19:46:59,455 - WARNING - Remote location prioritized for LinkedInAlerts_1.txt: Montreal, QC (Remote)
2025-08-06 19:46:59,457 - WARNING - Non-English position skipped for LinkedInAlerts_1.txt: Find jobs where you’re a top applicant and tailor your resume with the help of AI.
2025-08-06 19:46:59,457 - WARNING - Non-English position skipped for LinkedInAlerts_1.txt: Minimum 3 years’ experience in Project Management, in defense/design/construction industries.
2025-08-06 19:46:59,459 - WARNING - Non-English position skipped for LinkedInAlerts_1.txt: Irving Shipbuilding Inc. is the most modern shipbuilder and in-service ship support provider in North America. Headquartered in Halifax, Nova Scotia, our skilled team and innovative facilities provide efficient building, fabrication, conversion and servicing of vessels and offshore platforms. As Canada’s National Shipbuilder, Irving Shipbuilding Inc. is working with the Royal Canadian Navy on the next class of River Class Destroyers and Arctic and Offshore Patrol Ship (AOPS) vessels under the National Shipbuilding Strategy (NSS). We are proud to continue our long history as a trusted partner in Canadian shipbuilding.
2025-08-06 19:46:59,459 - WARNING - Remote location prioritized for LinkedInAlerts_1.txt: Remote
2025-08-06 19:46:59,459 - WARNING - Remote position prioritized for LinkedInAlerts_1.txt: Agency Project Manager | Digital Agency | Tech/Web Projects | 100% remote (MT Hours) | $70,000 - $80,000Agency Project Manager | Digital Agency | Tech/Web Projects | 100% remote (MT Hours) | $70,000 - $80,000
2025-08-06 19:46:59,459 - WARNING - Remote location prioritized for LinkedInAlerts_1.txt: Canada (Remote)
2025-08-06 19:46:59,460 - WARNING - Remote location prioritized for LinkedInAlerts_1.txt: Edmonton, AB (Remote)
2025-08-06 19:46:59,460 - WARNING - Remote location prioritized for LinkedInAlerts_1.txt: Toronto, ON (Remote)
2025-08-06 19:46:59,460 - WARNING - Remote location prioritized for LinkedInAlerts_1.txt: Canada (Remote)
2025-08-06 19:46:59,460 - WARNING - Remote location prioritized for LinkedInAlerts_1.txt: Greater Toronto Area, Canada (Remote)
2025-08-06 19:46:59,460 - WARNING - Remote location prioritized for LinkedInAlerts_1.txt: Montreal, QC (Remote)
2025-08-06 19:46:59,460 - WARNING - Remote location prioritized for LinkedInAlerts_1.txt: Canada (Remote)
2025-08-06 19:46:59,461 - WARNING - Remote position prioritized for LinkedInAlerts_1.txt: Agency Project Manager | Digital Agency | Tech/Web Projects | 100% remote (MT Hours) | $70,000 - $80,000
2025-08-06 19:46:59,461 - WARNING - Remote location prioritized for LinkedInAlerts_1.txt: Remote
2025-08-06 19:46:59,461 - WARNING - Remote location prioritized for LinkedInAlerts_1.txt: Matches your job preferences, workplace type is Remote.
2025-08-06 19:46:59,461 - WARNING - Remote position prioritized for LinkedInAlerts_1.txt: Save Agency Project Manager | Digital Agency | Tech/Web Projects | 100% remote (MT Hours) | $70,000 - $80,000 at White Bay
2025-08-06 19:46:59,461 - WARNING - Non-English position skipped for LinkedInAlerts_1.txt: Find jobs where you’re a top applicant and tailor your resume with the help of AI.
2025-08-06 19:46:59,462 - WARNING - Remote position prioritized for LinkedInAlerts_1.txt: Agency Project Manager | Digital Agency | Tech/Web Projects | 100% remote (MT Hours) | $70,000 - $80,000
2025-08-06 19:46:59,462 - WARNING - Remote position prioritized for LinkedInAlerts_1.txt: This is a forward-thinking digital agency that thrives on bringing bold ideas to life for their diverse client base. Fully remote and built around flexibility, they encourage a collaborative, results-driven culture that empowers their team to do exceptional work, wherever they may be.
2025-08-06 19:46:59,462 - WARNING - Non-English position skipped for LinkedInAlerts_1.txt: They are seeking an experienced Project Manager to join their team in a permanent capacity. The successful candidate will help manage web and tech projects from concept through completion, ensuring a seamless process across all stages of delivery. The role requires someone who can navigate the complexities of working with designers, developers, and clients while keeping everything on track. You’ll thrive in versatility and enjoy working across a diverse collection of brands. They are looking for someone who thrives in a fast-paced, creative environment and enjoys bringing big ideas to life alongside talented people. This is a fully remote position. The candidate must be willing to work MT hours.
2025-08-06 19:46:59,462 - WARNING - Non-English position skipped for LinkedInAlerts_1.txt: If you have the skill set, energy, and drive to make an impact — we encourage you to apply today. To automatically receive notifications upon new roles and market updates, follow our LinkedIn page: https://www.linkedin.com/company/white-bay-search/
2025-08-06 19:46:59,463 - WARNING - Non-English position skipped for LinkedInAlerts_1.txt: Members who share that they’re interested in a company may be 2x as likely to get a message from a recruiter than those who don’t. Learn moreLearn more about Interested in working for our company
2025-08-06 19:46:59,463 - WARNING - Remote location prioritized for LinkedInAlerts_1.txt: Remote
2025-08-06 19:46:59,463 - WARNING - Remote position prioritized for LinkedInAlerts_1.txt: Agency Project Manager | Digital Agency | Tech/Web Projects | 100% remote (MT Hours) | $65-75/hourAgency Project Manager | Digital Agency | Tech/Web Projects | 100% remote (MT Hours) | $65-75/hour
2025-08-06 19:46:59,463 - WARNING - Remote location prioritized for LinkedInAlerts_1.txt: Canada (Remote)
2025-08-06 19:46:59,464 - WARNING - Remote location prioritized for LinkedInAlerts_1.txt: Montreal, QC (Remote)
2025-08-06 19:46:59,464 - WARNING - Remote location prioritized for LinkedInAlerts_1.txt: Laval, QC (Remote)
2025-08-06 19:46:59,464 - WARNING - Remote location prioritized for LinkedInAlerts_1.txt: Vancouver, BC (Remote)
2025-08-06 19:46:59,465 - WARNING - Remote position prioritized for LinkedInAlerts_1.txt: Agency Project Manager | Digital Agency | Tech/Web Projects | 100% remote (MT Hours) | $65-75/hour
2025-08-06 19:46:59,465 - WARNING - Remote location prioritized for LinkedInAlerts_1.txt: Remote
2025-08-06 19:46:59,465 - WARNING - Remote location prioritized for LinkedInAlerts_1.txt: Matches your job preferences, workplace type is Remote.
2025-08-06 19:46:59,465 - WARNING - Remote position prioritized for LinkedInAlerts_1.txt: Save Agency Project Manager | Digital Agency | Tech/Web Projects | 100% remote (MT Hours) | $65-75/hour at White Bay
2025-08-06 19:46:59,465 - WARNING - Non-English position skipped for LinkedInAlerts_1.txt: Find jobs where you’re a top applicant and tailor your resume with the help of AI.
2025-08-06 19:46:59,466 - WARNING - Remote position prioritized for LinkedInAlerts_1.txt: Agency Project Manager | Digital Agency | Tech/Web Projects | 100% remote (MT Hours) | $65-75/hour
2025-08-06 19:46:59,466 - WARNING - Remote position prioritized for LinkedInAlerts_1.txt: This is a forward-thinking digital agency that thrives on bringing bold ideas to life for their diverse client base. Fully remote and built around flexibility, they encourage a collaborative, results-driven culture that empowers their team to do exceptional work, wherever they may be.
2025-08-06 19:46:59,466 - WARNING - Non-English position skipped for LinkedInAlerts_1.txt: They are seeking an experienced Project Manager to join their team on a contract basis. The successful candidate will help manage web and tech projects from concept through completion, ensuring a seamless process across all stages of delivery. The role requires someone who can navigate the complexities of working with designers, developers, and clients while keeping everything on track. You’ll thrive in versatility and enjoy working across a diverse collection of brands.
2025-08-06 19:46:59,466 - WARNING - Non-English position skipped for LinkedInAlerts_1.txt: This is a fully remote, three-month contract position offering $65–$75/hour. They are looking for someone who thrives in a fast-paced, creative environment and enjoys bringing big ideas to life alongside talented people. The candidate must be willing to work MT hours.
2025-08-06 19:46:59,467 - WARNING - Non-English position skipped for LinkedInAlerts_1.txt: If you have the skill set, energy, and drive to make an impact — we encourage you to apply today. To automatically receive notifications upon new roles and market updates, follow our LinkedIn page: https://www.linkedin.com/company/white-bay-search/
2025-08-06 19:46:59,467 - WARNING - Non-English position skipped for LinkedInAlerts_1.txt: Members who share that they’re interested in a company may be 2x as likely to get a message from a recruiter than those who don’t. Learn moreLearn more about Interested in working for our company
2025-08-06 19:46:59,468 - WARNING - Remote location prioritized for LinkedInAlerts_1.txt: Remote
2025-08-06 19:46:59,468 - WARNING - Remote location prioritized for LinkedInAlerts_1.txt: Edmonton, AB (Remote)
2025-08-06 19:46:59,468 - WARNING - Remote location prioritized for LinkedInAlerts_1.txt: Laval, QC (Remote)
2025-08-06 19:46:59,468 - WARNING - Remote location prioritized for LinkedInAlerts_1.txt: Hamilton, ON (Remote)
2025-08-06 19:46:59,468 - WARNING - Remote location prioritized for LinkedInAlerts_1.txt: Moncton, NB (Remote)
2025-08-06 19:46:59,469 - WARNING - Remote location prioritized for LinkedInAlerts_1.txt: Mississauga, ON (Remote)
2025-08-06 19:46:59,469 - WARNING - Remote location prioritized for LinkedInAlerts_1.txt: Regina, SK (Remote)
2025-08-06 19:46:59,469 - WARNING - Remote location prioritized for LinkedInAlerts_1.txt: Victoria, BC (Remote)
2025-08-06 19:46:59,469 - WARNING - Remote location prioritized for LinkedInAlerts_1.txt: Winnipeg, MB (Remote)
2025-08-06 19:46:59,469 - WARNING - Remote location prioritized for LinkedInAlerts_1.txt: Edmonton, AB (Remote)
2025-08-06 19:46:59,469 - WARNING - Remote location prioritized for LinkedInAlerts_1.txt: Mississauga, ON (Remote)
2025-08-06 19:46:59,469 - WARNING - Remote position prioritized for LinkedInAlerts_1.txt: IT Project Manager and Generalist (Remote - Canada)IT Project Manager and Generalist (Remote - Canada)
2025-08-06 19:46:59,469 - WARNING - Remote location prioritized for LinkedInAlerts_1.txt: Canada (Remote)
2025-08-06 19:46:59,469 - WARNING - Remote location prioritized for LinkedInAlerts_1.txt: Quebec, Canada (Remote)
2025-08-06 19:46:59,470 - WARNING - Remote location prioritized for LinkedInAlerts_1.txt: Remote
2025-08-06 19:46:59,470 - WARNING - Remote location prioritized for LinkedInAlerts_1.txt: Matches your job preferences, workplace type is Remote.
2025-08-06 19:46:59,470 - WARNING - Non-English position skipped for LinkedInAlerts_1.txt: Find jobs where you’re a top applicant and tailor your resume with the help of AI.
2025-08-06 19:46:59,470 - WARNING - Non-English position skipped for LinkedInAlerts_1.txt: We're looking for someone to join our Project Management Team and help with planning & budgeting, implementation and completion of specific projects while ensuring consistency with Control Gap’s overall strategy. As part of the Control Gap team, you will work with high-profile clients in various industries and collaborate with a team of highly skilled security consultants on challenging projects, large and small. We analyze, assess and design effective security controls to help clients achieve Payment Card Industry (PCI) compliance, privacy compliance and to improve enterprise-wide security.
2025-08-06 19:46:59,470 - WARNING - Non-English position skipped for LinkedInAlerts_1.txt: Attend project status meetings, taking minutes and publishing them to all attendee’s
2025-08-06 19:46:59,471 - WARNING - Non-English position skipped for LinkedInAlerts_1.txt: Control Gap is a privately held company, headquartered in Toronto Ontario Canada, with hundreds of satisfied customers across North America and Europe including retail and e-commerce merchants, service providers, financial services, healthcare, government, insurance, petroleum, and many more. We help businesses avoid costly data breaches by safeguarding sensitive data and reducing security risk. We are also proud to be Canada’s foremost leader in Payment Card Industry (PCI) compliance validation and advisory services, founded from decades of cyber security, privacy data protection, and payment industry experience.
2025-08-06 19:46:59,472 - WARNING - Extracted job postings for LinkedInAlerts_1.txt: Your job alert has been created: Project Manager in Canada | Remotivate · NAMER | Easy Apply
Easy Ap...
2025-08-06 19:46:59,477 - WARNING - Saved entry for LinkedInAlerts_1.txt to M:\OneDrive\Documents\GitHub\RATS\data\rats_data.json
2025-08-06 19:46:59,478 - WARNING - Generated output files at M:\OneDrive\Documents\GitHub\RATS\data\parsed_jobs_output.txt and M:\OneDrive\Documents\GitHub\RATS\data\parsed_jobs_output.html
